2024-11-02 10:44:18,931 - loading data from data/tmax.xlsx
2024-11-02 10:44:19,872 - orginal dataset size: (5841, 21)
2024-11-02 10:44:19,873 - max value: 38.5873563218391
2024-11-02 10:44:19,873 - min value: 11.7025
2024-11-02 10:44:19,874 - Number of NaN values: 0
2024-11-02 10:44:19,874 - Deleting NaN values ...
2024-11-02 10:44:19,874 - new dataset size: (5841, 6)
2024-11-02 10:44:19,874 - Descriptive statistics ...
2024-11-02 10:44:19,875 - count    5841.000000
mean       27.791361
std         5.295462
min        11.702500
25%        24.248925
50%        28.375269
75%        32.319892
max        38.587356
Name: Valor, dtype: float64
2024-11-02 10:44:19,879 - loading data from data/tmin.xlsx
2024-11-02 10:44:20,490 - orginal dataset size: (5928, 21)
2024-11-02 10:44:20,491 - max value: 25.57443609
2024-11-02 10:44:20,491 - min value: -2.238505747
2024-11-02 10:44:20,491 - Number of NaN values: 0
2024-11-02 10:44:20,491 - Deleting NaN values ...
2024-11-02 10:44:20,492 - new dataset size: (5928, 6)
2024-11-02 10:44:20,492 - Descriptive statistics ...
2024-11-02 10:44:20,493 - count    5928.000000
mean       17.055042
std         4.960625
min        -2.238506
25%        13.884861
50%        17.856855
75%        20.504778
max        25.574436
Name: Valor, dtype: float64
2024-11-02 10:44:20,497 - new dataset size with filter: (5841, 6)
